0 info it worked if it ends with ok
1 verbose cli [ 'C:\\Program Files (x86)\\nodejs\\\\node.exe',
1 verbose cli   'C:\\Program Files (x86)\\nodejs\\node_modules\\npm\\bin\\npm-cli.js',
1 verbose cli   'start' ]
2 info using npm@1.3.21
3 info using node@v0.11.13
4 verbose node symlink C:\Program Files (x86)\nodejs\\node.exe
5 verbose run-script [ 'prestart', 'start', 'poststart' ]
6 info prestart nodejsbyexample@0.0.1
7 info start nodejsbyexample@0.0.1
8 verbose unsafe-perm in lifecycle true
9 info nodejsbyexample@0.0.1 Failed to exec start script
10 error nodejsbyexample@0.0.1 start: `node ./backend/index.js`
10 error Exit status 1
11 error Failed at the nodejsbyexample@0.0.1 start script.
11 error This is most likely a problem with the nodejsbyexample package,
11 error not with npm itself.
11 error Tell the author that this fails on your system:
11 error     node ./backend/index.js
11 error You can get their info via:
11 error     npm owner ls nodejsbyexample
11 error There is likely additional logging output above.
12 error System Windows_NT 6.1.7600
13 error command "C:\\Program Files (x86)\\nodejs\\\\node.exe" "C:\\Program Files (x86)\\nodejs\\node_modules\\npm\\bin\\npm-cli.js" "start"
14 error cwd d:\work\KrasimirTsonev\private\nodejs-book-by-example\Chapters\02\code
15 error node -v v0.11.13
16 error npm -v 1.3.21
17 error code ELIFECYCLE
18 verbose exit [ 1, true ]
